2016-08-05 17:05:22,214 [main] INFO  marytts.main Mary starting up...
2016-08-05 17:05:22,217 [main] INFO  marytts.main Specification version 5.2-SNAPSHOT
2016-08-05 17:05:22,217 [main] INFO  marytts.main Implementation version unknown
2016-08-05 17:05:22,217 [main] INFO  marytts.main Running on a Java 1.8.0_101 implementation by Oracle Corporation, on a Linux platform (amd64, 4.4.0-31-generic)
2016-08-05 17:05:22,533 [main] INFO  marytts.ModuleRegistry Now initiating mary module 'marytts.modules.Synthesis'
2016-08-05 17:05:22,546 [main] INFO  marytts.ModuleRegistry Now initiating mary module 'marytts.modules.TextToMaryXML'
2016-08-05 17:05:22,547 [main] INFO  marytts.ModuleRegistry Now initiating mary module 'marytts.modules.SableParser'
2016-08-05 17:05:22,548 [main] INFO  marytts.ModuleRegistry Now initiating mary module 'marytts.modules.SSMLParser'
2016-08-05 17:05:22,548 [main] INFO  marytts.ModuleRegistry Now initiating mary module 'marytts.modules.APMLParser'
2016-08-05 17:05:22,549 [main] INFO  marytts.ModuleRegistry Now initiating mary module 'marytts.modules.EmotionmlParser'
2016-08-05 17:05:22,549 [main] INFO  marytts.ModuleRegistry Now initiating mary module 'marytts.modules.JTokeniser'
2016-08-05 17:05:22,550 [main] INFO  marytts.ModuleRegistry Now initiating mary module 'marytts.modules.DummyTokens2Words'
2016-08-05 17:05:22,551 [main] INFO  marytts.ModuleRegistry Now initiating mary module 'marytts.modules.ProsodyGeneric'
2016-08-05 17:05:22,554 [main] INFO  marytts.ModuleRegistry Now initiating mary module 'marytts.modules.PronunciationModel'
2016-08-05 17:05:22,555 [main] INFO  marytts.ModuleRegistry Now initiating mary module 'marytts.modules.TargetFeatureLister'
2016-08-05 17:05:22,556 [main] INFO  marytts.ModuleRegistry Now initiating mary module 'marytts.modules.HalfPhoneTargetFeatureLister'
2016-08-05 17:05:22,557 [main] INFO  marytts.ModuleRegistry Now initiating mary module 'marytts.modules.AcousticModeller'
2016-08-05 17:05:22,558 [main] INFO  marytts.ModuleRegistry Now initiating mary module 'marytts.modules.RealisedAcoustparamsExtractor'
2016-08-05 17:05:22,558 [main] INFO  marytts.ModuleRegistry Now initiating mary module 'marytts.modules.RealisedDurationsExtractor'
2016-08-05 17:05:22,559 [main] INFO  marytts.ModuleRegistry Now initiating mary module 'marytts.modules.HTSEngine'
2016-08-05 17:05:22,560 [main] INFO  marytts.ModuleRegistry Now initiating mary module 'marytts.modules.PraatTextGridGenerator'
2016-08-05 17:05:22,576 [main] INFO  marytts.ModuleRegistry Now initiating mary module 'marytts.language.en.JTokeniser'
2016-08-05 17:05:22,577 [main] INFO  marytts.ModuleRegistry Now initiating mary module 'marytts.language.en.Preprocess'
2016-08-05 17:05:23,042 [main] INFO  marytts.ModuleRegistry Now initiating mary module 'marytts.modules.JPhonemiser(en_US.)'
2016-08-05 17:05:23,043 [main] INFO  marytts.JPhonemiser User dictionary '/home/jmperez/voice/data/example/mary/voice-my_voice-hsmm/user-dictionaries/userdict-en_US.txt' for locale 'en_US' does not exist. Ignoring.
2016-08-05 17:05:23,150 [main] INFO  marytts.ModuleRegistry Now initiating mary module 'marytts.modules.JPhonemiser(en_GB.)'
2016-08-05 17:05:23,151 [main] INFO  marytts.JPhonemiser User dictionary '/home/jmperez/voice/data/example/mary/voice-my_voice-hsmm/user-dictionaries/userdict-en_GB.txt' for locale 'en_GB' does not exist. Ignoring.
2016-08-05 17:05:23,197 [main] INFO  marytts.ModuleRegistry Now initiating mary module 'marytts.language.en.Prosody'
2016-08-05 17:05:23,198 [main] INFO  marytts.ModuleRegistry Now initiating mary module 'marytts.modules.SimplePhoneme2AP(en_US)'
2016-08-05 17:05:23,198 [main] INFO  marytts.ModuleRegistry Now initiating mary module 'marytts.language.en.PronunciationModel'
2016-08-05 17:05:23,199 [main] INFO  marytts.ModuleRegistry Now initiating mary module 'marytts.modules.OpenNLPPosTagger(en,en.pos)'
2016-08-05 17:05:23,203 [main] INFO  marytts.UnitSelectionSynthesizer started.
2016-08-05 17:05:23,204 [main] INFO  marytts.TargetFeatureLister Module started (ACOUSTPARAMS->TARGETFEATURES, locale null).
2016-08-05 17:05:23,204 [main] INFO  marytts.HTSEngine Module started (TARGETFEATURES->AUDIO, locale null).
2016-08-05 17:05:23,237 [main] INFO  marytts.HMMData Loading Tree Set in CARTs:
2016-08-05 17:05:23,289 [main] INFO  marytts.HMMData Loading GV Model Set:
2016-08-05 17:05:23,403 [main] INFO  marytts.Voice Registering voice `my_voice-hsmm': female, locale en_US
2016-08-05 17:05:23,403 [main] INFO  marytts.Voice New default voice for locale en_US: my_voice-hsmm (desire 0)
2016-08-05 17:05:23,403 [main] INFO  marytts.HMMSynthesizer started.
2016-08-05 17:05:23,403 [main] INFO  marytts.Synthesis Module started (ACOUSTPARAMS->AUDIO, locale null).
2016-08-05 17:05:23,404 [main] INFO  marytts.HMMSynthesizer Starting power-on self test.
2016-08-05 17:05:23,483 [main] INFO  marytts.HTSEngine Using prosody from acoustparams.
2016-08-05 17:05:23,485 [main] INFO  marytts.HTSEngine Number of models in sentence numModel=7  Total number of states numState=35
2016-08-05 17:05:23,485 [main] INFO  marytts.HTSEngine Total number of frames=148  Number of voiced frames=93
2016-08-05 17:05:23,489 [main] INFO  marytts.ParameterGeneration Parameter generation for MGC: 
2016-08-05 17:05:23,489 [main] INFO  marytts.PStream Context-dependent global variance optimization: gvLength = 108
2016-08-05 17:05:23,495 [main] INFO  marytts.PStream Gradient GV optimization for feature: (0)  number of iterations=31
2016-08-05 17:05:23,503 [main] INFO  marytts.PStream Gradient GV optimization for feature: (1)  number of iterations=49
2016-08-05 17:05:23,505 [main] INFO  marytts.PStream Gradient GV optimization for feature: (2)  number of iterations=19
2016-08-05 17:05:23,507 [main] INFO  marytts.PStream Gradient GV optimization for feature: (3)  number of iterations=22
2016-08-05 17:05:23,508 [main] INFO  marytts.PStream Gradient GV optimization for feature: (4)  number of iterations=17
2016-08-05 17:05:23,509 [main] INFO  marytts.PStream Gradient GV optimization for feature: (5)  number of iterations=13
2016-08-05 17:05:23,510 [main] INFO  marytts.PStream Gradient GV optimization for feature: (6)  number of iterations=20
2016-08-05 17:05:23,511 [main] INFO  marytts.PStream Gradient GV optimization for feature: (7)  number of iterations=13
2016-08-05 17:05:23,512 [main] INFO  marytts.PStream Gradient GV optimization for feature: (8)  number of iterations=14
2016-08-05 17:05:23,512 [main] INFO  marytts.PStream Gradient GV optimization for feature: (9)  number of iterations=17
2016-08-05 17:05:23,513 [main] INFO  marytts.PStream Gradient GV optimization for feature: (10)  number of iterations=10
2016-08-05 17:05:23,513 [main] INFO  marytts.PStream Gradient GV optimization for feature: (11)  number of iterations=19
2016-08-05 17:05:23,514 [main] INFO  marytts.PStream Gradient GV optimization for feature: (12)  number of iterations=12
2016-08-05 17:05:23,514 [main] INFO  marytts.PStream Gradient GV optimization for feature: (13)  number of iterations=10
2016-08-05 17:05:23,515 [main] INFO  marytts.PStream Gradient GV optimization for feature: (14)  number of iterations=20
2016-08-05 17:05:23,515 [main] INFO  marytts.PStream Gradient GV optimization for feature: (15)  number of iterations=13
2016-08-05 17:05:23,516 [main] INFO  marytts.PStream Gradient GV optimization for feature: (16)  number of iterations=22
2016-08-05 17:05:23,516 [main] INFO  marytts.PStream Gradient GV optimization for feature: (17)  number of iterations=10
2016-08-05 17:05:23,516 [main] INFO  marytts.PStream Gradient GV optimization for feature: (18)  number of iterations=14
2016-08-05 17:05:23,517 [main] INFO  marytts.PStream Gradient GV optimization for feature: (19)  number of iterations=12
2016-08-05 17:05:23,517 [main] INFO  marytts.PStream Gradient GV optimization for feature: (20)  number of iterations=14
2016-08-05 17:05:23,518 [main] INFO  marytts.PStream Gradient GV optimization for feature: (21)  number of iterations=19
2016-08-05 17:05:23,518 [main] INFO  marytts.PStream Gradient GV optimization for feature: (22)  number of iterations=10
2016-08-05 17:05:23,519 [main] INFO  marytts.PStream Gradient GV optimization for feature: (23)  number of iterations=14
2016-08-05 17:05:23,519 [main] INFO  marytts.PStream Gradient GV optimization for feature: (24)  number of iterations=22
2016-08-05 17:05:23,520 [main] INFO  marytts.PStream Gradient GV optimization for feature: (25)  number of iterations=9
2016-08-05 17:05:23,520 [main] INFO  marytts.PStream Gradient GV optimization for feature: (26)  number of iterations=22
2016-08-05 17:05:23,521 [main] INFO  marytts.PStream Gradient GV optimization for feature: (27)  number of iterations=9
2016-08-05 17:05:23,521 [main] INFO  marytts.PStream Gradient GV optimization for feature: (28)  number of iterations=28
2016-08-05 17:05:23,522 [main] INFO  marytts.PStream Gradient GV optimization for feature: (29)  number of iterations=16
2016-08-05 17:05:23,522 [main] INFO  marytts.PStream Gradient GV optimization for feature: (30)  number of iterations=20
2016-08-05 17:05:23,523 [main] INFO  marytts.PStream Gradient GV optimization for feature: (31)  number of iterations=22
2016-08-05 17:05:23,523 [main] INFO  marytts.PStream Gradient GV optimization for feature: (32)  number of iterations=26
2016-08-05 17:05:23,524 [main] INFO  marytts.PStream Gradient GV optimization for feature: (33)  number of iterations=27
2016-08-05 17:05:23,525 [main] INFO  marytts.PStream Gradient GV optimization for feature: (34)  number of iterations=20
2016-08-05 17:05:23,525 [main] INFO  marytts.ParameterGeneration Using f0 from maryXML acoustparams
2016-08-05 17:05:23,526 [main] INFO  marytts.PStream Context-dependent global variance optimization: gvLength = 108
2016-08-05 17:05:23,528 [main] INFO  marytts.PStream Gradient GV optimization for feature: (0)  number of iterations=99
2016-08-05 17:05:23,528 [main] INFO  marytts.PStream Gradient GV optimization for feature: (1)  number of iterations=2
2016-08-05 17:05:23,528 [main] INFO  marytts.PStream Gradient GV optimization for feature: (2)  number of iterations=2
2016-08-05 17:05:23,529 [main] INFO  marytts.PStream Gradient GV optimization for feature: (3)  number of iterations=3
2016-08-05 17:05:23,530 [main] INFO  marytts.PStream Gradient GV optimization for feature: (4)  number of iterations=30
2016-08-05 17:05:23,577 [main] INFO  marytts.HMMSynthesizer Power-on self test complete.
2016-08-05 17:05:23,578 [main] INFO  marytts.TextToMaryXML Module started (TEXT->RAWMARYXML, locale null).
2016-08-05 17:05:23,578 [main] INFO  marytts.TextToMaryXML Starting power-on self test.
2016-08-05 17:05:23,578 [main] WARN  marytts.TextToMaryXML Locale is null, overriding with en_US
2016-08-05 17:05:23,579 [main] WARN  marytts.TextToMaryXML Locale is null, overriding with en_US
2016-08-05 17:05:23,579 [main] INFO  marytts.TextToMaryXML Power-on self test complete.
2016-08-05 17:05:23,790 [main] INFO  marytts.SableParser Module started (SABLE->RAWMARYXML, locale null).
2016-08-05 17:05:23,790 [main] INFO  marytts.SableParser Starting power-on self test.
2016-08-05 17:05:23,791 [main] INFO  marytts.SableParser Power-on self test complete.
2016-08-05 17:05:23,844 [main] INFO  marytts.SSMLParser Module started (SSML->RAWMARYXML, locale null).
2016-08-05 17:05:23,844 [main] INFO  marytts.SSMLParser Starting power-on self test.
2016-08-05 17:05:23,844 [main] INFO  marytts.SSMLParser Power-on self test complete.
2016-08-05 17:05:23,886 [main] INFO  marytts.APMLParser Module started (APML->RAWMARYXML, locale null).
2016-08-05 17:05:23,886 [main] INFO  marytts.APMLParser Starting power-on self test.
2016-08-05 17:05:23,886 [main] INFO  marytts.APMLParser Power-on self test complete.
2016-08-05 17:05:23,911 [main] INFO  marytts.EmotionmlParser Module started (EMOTIONML->RAWMARYXML, locale null).
2016-08-05 17:05:23,911 [main] INFO  marytts.EmotionmlParser Starting power-on self test.
2016-08-05 17:05:23,912 [main] INFO  marytts.EmotionmlParser Power-on self test complete.
2016-08-05 17:05:23,912 [main] INFO  marytts.JTokeniser Module started (RAWMARYXML->TOKENS, locale null).
2016-08-05 17:05:23,938 [main] INFO  marytts.JTokeniser Starting power-on self test.
2016-08-05 17:05:23,938 [main] INFO  marytts.JTokeniser Power-on self test complete.
2016-08-05 17:05:23,938 [main] INFO  marytts.DummyTokens2Words Module started (TOKENS->WORDS, locale null).
2016-08-05 17:05:23,938 [main] INFO  marytts.DummyTokens2Words Starting power-on self test.
2016-08-05 17:05:23,938 [main] INFO  marytts.DummyTokens2Words Power-on self test complete.
2016-08-05 17:05:23,942 [main] INFO  marytts.Prosody Module started (PHONEMES->INTONATION, locale null).
2016-08-05 17:05:23,942 [main] INFO  marytts.Prosody Starting power-on self test.
2016-08-05 17:05:23,942 [main] INFO  marytts.Prosody Power-on self test complete.
2016-08-05 17:05:23,942 [main] INFO  marytts.PronunciationModel Module started (INTONATION->ALLOPHONES, locale null).
2016-08-05 17:05:23,942 [main] INFO  marytts.PronunciationModel Starting power-on self test.
2016-08-05 17:05:23,942 [main] INFO  marytts.PronunciationModel Power-on self test complete.
2016-08-05 17:05:23,942 [main] INFO  marytts.TargetFeatureLister Starting power-on self test.
2016-08-05 17:05:23,942 [main] INFO  marytts.TargetFeatureLister Power-on self test complete.
2016-08-05 17:05:23,942 [main] INFO  marytts.TargetFeatureLister Module started (ACOUSTPARAMS->HALFPHONE_TARGETFEATURES, locale null).
2016-08-05 17:05:23,942 [main] INFO  marytts.TargetFeatureLister Starting power-on self test.
2016-08-05 17:05:23,942 [main] INFO  marytts.TargetFeatureLister Power-on self test complete.
2016-08-05 17:05:23,942 [main] INFO  marytts.AcousticModeller Module started (ALLOPHONES->ACOUSTPARAMS, locale null).
2016-08-05 17:05:23,942 [main] INFO  marytts.AcousticModeller Starting power-on self test.
2016-08-05 17:05:23,943 [main] INFO  marytts.AcousticModeller Power-on self test complete.
2016-08-05 17:05:23,943 [main] INFO  marytts.Realised acoustparams extractor Module started (AUDIO->REALISED_ACOUSTPARAMS, locale null).
2016-08-05 17:05:23,943 [main] INFO  marytts.Realised acoustparams extractor Starting power-on self test.
2016-08-05 17:05:23,943 [main] INFO  marytts.Realised acoustparams extractor Power-on self test complete.
2016-08-05 17:05:23,943 [main] INFO  marytts.Realised durations extractor Module started (AUDIO->REALISED_DURATIONS, locale null).
2016-08-05 17:05:23,943 [main] INFO  marytts.Realised durations extractor Starting power-on self test.
2016-08-05 17:05:23,943 [main] INFO  marytts.Realised durations extractor Power-on self test complete.
2016-08-05 17:05:23,943 [main] INFO  marytts.Praat TextGrid generator Module started (REALISED_ACOUSTPARAMS->PRAAT_TEXTGRID, locale null).
2016-08-05 17:05:23,943 [main] INFO  marytts.Praat TextGrid generator Starting power-on self test.
2016-08-05 17:05:23,943 [main] INFO  marytts.Praat TextGrid generator Power-on self test complete.
2016-08-05 17:05:23,943 [main] INFO  marytts.JTokeniser Module started (RAWMARYXML->TOKENS, locale en).
2016-08-05 17:05:23,955 [main] INFO  marytts.JTokeniser Starting power-on self test.
2016-08-05 17:05:23,955 [main] INFO  marytts.JTokeniser Power-on self test complete.
2016-08-05 17:05:23,955 [main] INFO  marytts.Preprocess Module started (TOKENS->WORDS, locale en).
2016-08-05 17:05:23,955 [main] INFO  marytts.Preprocess Starting power-on self test.
2016-08-05 17:05:23,955 [main] INFO  marytts.Preprocess Power-on self test complete.
2016-08-05 17:05:23,955 [main] INFO  marytts.JPhonemiser Module started (PARTSOFSPEECH->PHONEMES, locale en_US).
2016-08-05 17:05:23,955 [main] INFO  marytts.JPhonemiser Starting power-on self test.
2016-08-05 17:05:23,955 [main] INFO  marytts.JPhonemiser Power-on self test complete.
2016-08-05 17:05:23,955 [main] INFO  marytts.JPhonemiser Module started (PARTSOFSPEECH->PHONEMES, locale en_GB).
2016-08-05 17:05:23,956 [main] INFO  marytts.JPhonemiser Starting power-on self test.
2016-08-05 17:05:23,956 [main] INFO  marytts.JPhonemiser Power-on self test complete.
2016-08-05 17:05:23,959 [main] INFO  marytts.Prosody Module started (PHONEMES->INTONATION, locale en).
2016-08-05 17:05:23,959 [main] INFO  marytts.Prosody Starting power-on self test.
2016-08-05 17:05:23,960 [main] INFO  marytts.Prosody Power-on self test complete.
2016-08-05 17:05:23,960 [main] INFO  marytts.SimplePhoneme2AP Module started (SIMPLEPHONEMES->ACOUSTPARAMS, locale en_US).
2016-08-05 17:05:23,960 [main] INFO  marytts.SimplePhoneme2AP Starting power-on self test.
2016-08-05 17:05:23,961 [main] INFO  marytts.SimplePhoneme2AP Power-on self test complete.
2016-08-05 17:05:23,962 [main] INFO  marytts.PronunciationModel Module started (INTONATION->ALLOPHONES, locale en).
2016-08-05 17:05:23,962 [main] INFO  marytts.PronunciationModel Starting power-on self test.
2016-08-05 17:05:23,962 [main] INFO  marytts.PronunciationModel Power-on self test complete.
2016-08-05 17:05:23,962 [main] INFO  marytts.OpenNLPPosTagger Module started (WORDS->PARTSOFSPEECH, locale en).
2016-08-05 17:05:24,696 [main] INFO  marytts.OpenNLPPosTagger Starting power-on self test.
2016-08-05 17:05:24,696 [main] INFO  marytts.OpenNLPPosTagger Power-on self test complete.
2016-08-05 17:05:24,696 [main] INFO  marytts.main Startup complete.
2016-08-05 17:05:24,739 [main] INFO  marytts.HMMData Loading Tree Set in CARTs:
2016-08-05 17:05:24,773 [main] INFO  marytts.HMMData Loading GV Model Set:
2016-08-05 17:05:24,911 [Thread-1] INFO  marytts.main Shutting down modules...
2016-08-05 17:05:24,911 [Thread-1] INFO  marytts.Synthesis Module shut down.
2016-08-05 17:05:24,911 [Thread-1] INFO  marytts.TextToMaryXML Module shut down.
2016-08-05 17:05:24,911 [Thread-1] INFO  marytts.SableParser Module shut down.
2016-08-05 17:05:24,911 [Thread-1] INFO  marytts.SSMLParser Module shut down.
2016-08-05 17:05:24,911 [Thread-1] INFO  marytts.APMLParser Module shut down.
2016-08-05 17:05:24,911 [Thread-1] INFO  marytts.EmotionmlParser Module shut down.
2016-08-05 17:05:24,911 [Thread-1] INFO  marytts.JTokeniser Module shut down.
2016-08-05 17:05:24,911 [Thread-1] INFO  marytts.DummyTokens2Words Module shut down.
2016-08-05 17:05:24,912 [Thread-1] INFO  marytts.Prosody Module shut down.
2016-08-05 17:05:24,912 [Thread-1] INFO  marytts.PronunciationModel Module shut down.
2016-08-05 17:05:24,912 [Thread-1] INFO  marytts.TargetFeatureLister Module shut down.
2016-08-05 17:05:24,912 [Thread-1] INFO  marytts.TargetFeatureLister Module shut down.
2016-08-05 17:05:24,912 [Thread-1] INFO  marytts.AcousticModeller Module shut down.
2016-08-05 17:05:24,912 [Thread-1] INFO  marytts.Realised acoustparams extractor Module shut down.
2016-08-05 17:05:24,912 [Thread-1] INFO  marytts.Realised durations extractor Module shut down.
2016-08-05 17:05:24,912 [Thread-1] INFO  marytts.HTSEngine Module shut down.
2016-08-05 17:05:24,912 [Thread-1] INFO  marytts.Praat TextGrid generator Module shut down.
2016-08-05 17:05:24,912 [Thread-1] INFO  marytts.JTokeniser Module shut down.
2016-08-05 17:05:24,912 [Thread-1] INFO  marytts.Preprocess Module shut down.
2016-08-05 17:05:24,912 [Thread-1] INFO  marytts.JPhonemiser Module shut down.
2016-08-05 17:05:24,912 [Thread-1] INFO  marytts.JPhonemiser Module shut down.
2016-08-05 17:05:24,912 [Thread-1] INFO  marytts.Prosody Module shut down.
2016-08-05 17:05:24,912 [Thread-1] INFO  marytts.SimplePhoneme2AP Module shut down.
2016-08-05 17:05:24,912 [Thread-1] INFO  marytts.PronunciationModel Module shut down.
2016-08-05 17:05:24,912 [Thread-1] INFO  marytts.OpenNLPPosTagger Module shut down.
2016-08-05 17:05:24,913 [Thread-1] INFO  marytts.main Shutdown complete.
